2017-08-30 16:59:42,221 - root - INFO - ############################### START ###############################
2017-08-30 16:59:48,333 - root - INFO - SUCCESS    Navigated to http://192.168.20.12:8080/nisdn_platform/, Spend 1.0210585594177246 seconds
2017-08-30 16:59:48,455 - root - INFO - SUCCESS    Typed element: <id=userName> content: admin, Spend 0.12200713157653809 seconds
2017-08-30 16:59:48,548 - root - INFO - SUCCESS    Typed element: <id=password> content: admin, Spend 0.09200525283813477 seconds
2017-08-30 16:59:48,617 - root - INFO - SUCCESS    Clicked element: <id=login-btn>, Spend 0.06800413131713867 seconds
2017-08-30 16:59:53,823 - root - INFO - ###############################  End  ###############################
2017-08-30 17:13:14,134 - root - INFO - ############################### START ###############################
2017-08-30 17:13:20,082 - root - INFO - SUCCESS    Navigated to http://192.168.20.12:8080/nisdn_platform/, Spend 0.8100461959838867 seconds
2017-08-30 17:13:20,205 - root - INFO - SUCCESS    Typed element: <id=userName> content: admin, Spend 0.12200713157653809 seconds
2017-08-30 17:13:20,286 - root - INFO - SUCCESS    Typed element: <id=password> content: , Spend 0.07900452613830566 seconds
2017-08-30 17:13:20,358 - root - INFO - SUCCESS    Clicked element: <id=login-btn>, Spend 0.07000398635864258 seconds
2017-08-30 17:13:22,401 - root - INFO - SUCCESS    Get element text element: <class=font-16>, Spend 0.04100227355957031 seconds
2017-08-30 17:13:25,960 - root - INFO - ###############################  End  ###############################
2017-08-30 17:13:25,962 - root - INFO - ############################### START ###############################
2017-08-30 17:13:31,769 - root - INFO - SUCCESS    Navigated to http://192.168.20.12:8080/nisdn_platform/, Spend 0.7570433616638184 seconds
2017-08-30 17:13:31,893 - root - INFO - SUCCESS    Typed element: <id=userName> content: admin, Spend 0.12300682067871094 seconds
2017-08-30 17:13:31,985 - root - INFO - SUCCESS    Typed element: <id=password> content: admin, Spend 0.09000515937805176 seconds
2017-08-30 17:13:32,055 - root - INFO - SUCCESS    Clicked element: <id=login-btn>, Spend 0.06800389289855957 seconds
2017-08-30 17:13:37,258 - root - INFO - ###############################  End  ###############################
2017-08-30 17:13:37,260 - root - INFO - ############################### START ###############################
2017-08-30 17:13:42,993 - root - INFO - SUCCESS    Navigated to http://192.168.20.12:8080/nisdn_platform/, Spend 0.7520430088043213 seconds
2017-08-30 17:13:43,119 - root - INFO - SUCCESS    Typed element: <id=userName> content: adming, Spend 0.12500715255737305 seconds
2017-08-30 17:13:43,210 - root - INFO - SUCCESS    Typed element: <id=password> content: admin, Spend 0.09000515937805176 seconds
2017-08-30 17:13:43,278 - root - INFO - SUCCESS    Clicked element: <id=login-btn>, Spend 0.06700396537780762 seconds
2017-08-30 17:13:45,321 - root - INFO - SUCCESS    Get element text element: <class=font-16>, Spend 0.04100227355957031 seconds
2017-08-30 17:13:48,863 - root - INFO - ###############################  End  ###############################
2017-08-30 17:13:48,865 - root - INFO - ############################### START ###############################
2017-08-30 17:13:54,797 - root - INFO - SUCCESS    Navigated to http://192.168.20.12:8080/nisdn_platform/, Spend 0.834047794342041 seconds
2017-08-30 17:13:54,925 - root - INFO - SUCCESS    Typed element: <id=userName> content: , Spend 0.12700724601745605 seconds
2017-08-30 17:13:55,008 - root - INFO - SUCCESS    Typed element: <id=password> content: , Spend 0.08200478553771973 seconds
2017-08-30 17:13:55,084 - root - INFO - SUCCESS    Clicked element: <id=login-btn>, Spend 0.07500433921813965 seconds
2017-08-30 17:13:57,132 - root - INFO - SUCCESS    Get element text element: <class=font-16>, Spend 0.047002553939819336 seconds
2017-08-30 17:14:00,726 - root - INFO - ###############################  End  ###############################
2017-08-30 17:21:32,998 - root - INFO - ############################### START ###############################
2017-08-30 17:21:38,855 - root - INFO - SUCCESS    Navigated to http://192.168.20.12:8080/nisdn_platform/, Spend 0.8720498085021973 seconds
2017-08-30 17:21:38,987 - root - INFO - SUCCESS    Typed element: <id=userName> content: admin, Spend 0.13100767135620117 seconds
2017-08-30 17:21:39,069 - root - INFO - SUCCESS    Typed element: <id=password> content: , Spend 0.08100461959838867 seconds
2017-08-30 17:21:39,143 - root - INFO - SUCCESS    Clicked element: <id=login-btn>, Spend 0.07300400733947754 seconds
2017-08-30 17:21:41,188 - root - INFO - SUCCESS    Get element text element: <class=font-16>, Spend 0.044002532958984375 seconds
2017-08-30 17:21:44,744 - root - INFO - ###############################  End  ###############################
2017-08-30 17:21:44,747 - root - INFO - ############################### START ###############################
2017-08-30 17:21:50,571 - root - INFO - SUCCESS    Navigated to http://192.168.20.12:8080/nisdn_platform/, Spend 1.075061559677124 seconds
2017-08-30 17:21:50,692 - root - INFO - SUCCESS    Typed element: <id=userName> content: admin, Spend 0.11900687217712402 seconds
2017-08-30 17:21:50,784 - root - INFO - SUCCESS    Typed element: <id=password> content: admin, Spend 0.09200525283813477 seconds
2017-08-30 17:21:50,853 - root - INFO - SUCCESS    Clicked element: <id=login-btn>, Spend 0.06800389289855957 seconds
2017-08-30 17:21:56,054 - root - INFO - ###############################  End  ###############################
2017-08-30 17:21:56,056 - root - INFO - ############################### START ###############################
2017-08-30 17:22:01,902 - root - INFO - SUCCESS    Navigated to http://192.168.20.12:8080/nisdn_platform/, Spend 0.8150465488433838 seconds
2017-08-30 17:22:02,028 - root - INFO - SUCCESS    Typed element: <id=userName> content: adminf, Spend 0.12400698661804199 seconds
2017-08-30 17:22:02,130 - root - INFO - SUCCESS    Typed element: <id=password> content: admin, Spend 0.1000056266784668 seconds
2017-08-30 17:22:02,201 - root - INFO - SUCCESS    Clicked element: <id=login-btn>, Spend 0.07000398635864258 seconds
2017-08-30 17:22:04,249 - root - INFO - SUCCESS    Get element text element: <class=font-16>, Spend 0.04600262641906738 seconds
2017-08-30 17:22:07,870 - root - INFO - ###############################  End  ###############################
2017-08-30 17:22:07,872 - root - INFO - ############################### START ###############################
2017-08-30 17:22:13,592 - root - INFO - SUCCESS    Navigated to http://192.168.20.12:8080/nisdn_platform/, Spend 0.8170466423034668 seconds
2017-08-30 17:22:13,704 - root - INFO - SUCCESS    Typed element: <id=userName> content: , Spend 0.11100625991821289 seconds
2017-08-30 17:22:13,785 - root - INFO - SUCCESS    Typed element: <id=password> content: , Spend 0.08000445365905762 seconds
2017-08-30 17:22:13,863 - root - INFO - SUCCESS    Clicked element: <id=login-btn>, Spend 0.07800436019897461 seconds
2017-08-30 17:22:15,905 - root - INFO - SUCCESS    Get element text element: <class=font-16>, Spend 0.04100227355957031 seconds
2017-08-30 17:22:19,439 - root - INFO - ###############################  End  ###############################
2017-08-30 18:09:53,694 - root - INFO - ############################### START ###############################
2017-08-30 18:09:59,778 - root - INFO - SUCCESS    Navigated to http://192.168.20.12:8080/nisdn_platform/, Spend 0.8860507011413574 seconds
2017-08-30 18:09:59,898 - root - INFO - SUCCESS    Typed element: <id=userName> content: admin, Spend 0.11900687217712402 seconds
2017-08-30 18:09:59,981 - root - INFO - SUCCESS    Typed element: <id=password> content: , Spend 0.08200454711914062 seconds
2017-08-30 18:10:00,055 - root - INFO - SUCCESS    Clicked element: <id=login-btn>, Spend 0.07200407981872559 seconds
2017-08-30 18:10:02,099 - root - INFO - SUCCESS    Get element text element: <class=font-16>, Spend 0.04200243949890137 seconds
2017-08-30 18:10:05,653 - root - INFO - ###############################  End  ###############################
2017-08-30 18:10:05,656 - root - INFO - ############################### START ###############################
2017-08-30 18:10:11,313 - root - INFO - SUCCESS    Navigated to http://192.168.20.12:8080/nisdn_platform/, Spend 0.8210468292236328 seconds
2017-08-30 18:10:11,443 - root - INFO - SUCCESS    Typed element: <id=userName> content: admin, Spend 0.12900733947753906 seconds
2017-08-30 18:10:11,539 - root - INFO - SUCCESS    Typed element: <id=password> content: admin, Spend 0.09400534629821777 seconds
2017-08-30 18:10:11,610 - root - INFO - SUCCESS    Clicked element: <id=login-btn>, Spend 0.06900382041931152 seconds
2017-08-30 18:10:16,784 - root - INFO - ###############################  End  ###############################
2017-08-30 18:10:16,786 - root - INFO - ############################### START ###############################
2017-08-30 18:10:22,752 - root - INFO - SUCCESS    Navigated to http://192.168.20.12:8080/nisdn_platform/, Spend 0.9090518951416016 seconds
2017-08-30 18:10:22,881 - root - INFO - SUCCESS    Typed element: <id=userName> content: adminr, Spend 0.1280074119567871 seconds
2017-08-30 18:10:22,975 - root - INFO - SUCCESS    Typed element: <id=password> content: admin, Spend 0.09400558471679688 seconds
2017-08-30 18:10:23,051 - root - INFO - SUCCESS    Clicked element: <id=login-btn>, Spend 0.0740041732788086 seconds
2017-08-30 18:10:25,095 - root - INFO - SUCCESS    Get element text element: <class=font-16>, Spend 0.042002201080322266 seconds
2017-08-30 18:10:28,636 - root - INFO - ###############################  End  ###############################
2017-08-30 18:10:28,638 - root - INFO - ############################### START ###############################
2017-08-30 18:10:34,500 - root - INFO - SUCCESS    Navigated to http://192.168.20.12:8080/nisdn_platform/, Spend 0.7710440158843994 seconds
2017-08-30 18:10:34,614 - root - INFO - SUCCESS    Typed element: <id=userName> content: , Spend 0.11200642585754395 seconds
2017-08-30 18:10:34,694 - root - INFO - SUCCESS    Typed element: <id=password> content: , Spend 0.07900452613830566 seconds
2017-08-30 18:10:34,767 - root - INFO - SUCCESS    Clicked element: <id=login-btn>, Spend 0.07200407981872559 seconds
2017-08-30 18:10:36,808 - root - INFO - SUCCESS    Get element text element: <class=font-16>, Spend 0.04000234603881836 seconds
2017-08-30 18:10:40,343 - root - INFO - ###############################  End  ###############################
